<?xml version="1.0" encoding="UTF-8"?>
<Site BuildName="Win32-mingw32-make"
	BuildStamp="20231127-1350-Experimental"
	Name="DESKTOP-7LPFJLB"
	Generator="ctest-3.28.0-rc5"
	CompilerName="C:/msys64/mingw64/bin/g++.exe"
	CompilerVersion="13.1.0"
	OSName="Windows"
	Hostname="DESKTOP-7LPFJLB"
	OSRelease=" Professional"
	OSVersion=" (Build 22631)"
	OSPlatform="AMD64"
	Is64Bits="1"
	VendorString="GenuineIntel"
	VendorID="Intel Corporation"
	FamilyID="6"
	ModelID="12"
	ProcessorCacheSize="-1"
	NumberOfLogicalCPU="8"
	NumberOfPhysicalCPU="4"
	TotalVirtualMemory="18233"
	TotalPhysicalMemory="16167"
	LogicalProcessorsPerPhysical="2"
	ProcessorClockFrequency="3187"
	>
	<Testing>
		<StartDateTime>Nov 27 22:59 GTB Standard Time</StartDateTime>
		<StartTestTime>1701118756</StartTestTime>
		<TestList/>
		<EndDateTime>Nov 27 22:59 GTB Standard Time</EndDateTime>
		<EndTestTime>1701118756</EndTestTime>
		<ElapsedMinutes>0</ElapsedMinutes>
	</Testing>
</Site>
